[14-Jan-2024 13:57:29 UTC] PHP Warning:  simplexml_load_file(http://bernstone.loc/wp-content/uploads/2022/10/oporn%D1%8Be-sten%D1%8B-yko.svg): failed to open stream: HTTP request failed! HTTP/1.1 404 Not Found
 in /Users/eugeneburlak/work/php/bernstone/wp-content/themes/burlak/functions.php on line 104
[14-Jan-2024 13:57:29 UTC] PHP Warning:  simplexml_load_file(): I/O warning : failed to load external entity &quot;http://bernstone.loc/wp-content/uploads/2022/10/oporn%D1%8Be-sten%D1%8B-yko.svg&quot; in /Users/eugeneburlak/work/php/bernstone/wp-content/themes/burlak/functions.php on line 104
[14-Jan-2024 13:57:30 UTC] PHP Warning:  simplexml_load_file(http://bernstone.loc/wp-content/uploads/2022/10/oporn%D1%8Be-sten%D1%8B-yko.svg): failed to open stream: HTTP request failed! HTTP/1.1 404 Not Found
 in /Users/eugeneburlak/work/php/bernstone/wp-content/themes/burlak/functions.php on line 104
[14-Jan-2024 13:57:30 UTC] PHP Warning:  simplexml_load_file(): I/O warning : failed to load external entity &quot;http://bernstone.loc/wp-content/uploads/2022/10/oporn%D1%8Be-sten%D1%8B-yko.svg&quot; in /Users/eugeneburlak/work/php/bernstone/wp-content/themes/burlak/functions.php on line 104
[14-Jan-2024 13:57:30 UTC] PHP Warning:  simplexml_load_file(http://bernstone.loc/wp-content/uploads/2022/10/oporn%D1%8Be-sten%D1%8B-yko.svg): failed to open stream: HTTP request failed! HTTP/1.1 404 Not Found
 in /Users/eugeneburlak/work/php/bernstone/wp-content/themes/burlak/functions.php on line 104
[14-Jan-2024 13:57:30 UTC] PHP Warning:  simplexml_load_file(): I/O warning : failed to load external entity &quot;http://bernstone.loc/wp-content/uploads/2022/10/oporn%D1%8Be-sten%D1%8B-yko.svg&quot; in /Users/eugeneburlak/work/php/bernstone/wp-content/themes/burlak/functions.php on line 104
[14-Jan-2024 13:57:31 UTC] PHP Warning:  simplexml_load_file(http://bernstone.loc/wp-content/uploads/2022/10/oporn%D1%8Be-sten%D1%8B-yko.svg): failed to open stream: HTTP request failed! HTTP/1.1 404 Not Found
 in /Users/eugeneburlak/work/php/bernstone/wp-content/themes/burlak/functions.php on line 104
[14-Jan-2024 13:57:31 UTC] PHP Warning:  simplexml_load_file(): I/O warning : failed to load external entity &quot;http://bernstone.loc/wp-content/uploads/2022/10/oporn%D1%8Be-sten%D1%8B-yko.svg&quot; in /Users/eugeneburlak/work/php/bernstone/wp-content/themes/burlak/functions.php on line 104
[14-Jan-2024 13:57:31 UTC] PHP Warning:  simplexml_load_file(http://bernstone.loc/wp-content/uploads/2022/10/oporn%D1%8Be-sten%D1%8B-yko.svg): failed to open stream: HTTP request failed! HTTP/1.1 404 Not Found
 in /Users/eugeneburlak/work/php/bernstone/wp-content/themes/burlak/functions.php on line 104
[14-Jan-2024 13:57:31 UTC] PHP Warning:  simplexml_load_file(): I/O warning : failed to load external entity &quot;http://bernstone.loc/wp-content/uploads/2022/10/oporn%D1%8Be-sten%D1%8B-yko.svg&quot; in /Users/eugeneburlak/work/php/bernstone/wp-content/themes/burlak/functions.php on line 104
[14-Jan-2024 13:57:32 UTC] PHP Warning:  simplexml_load_file(http://bernstone.loc/wp-content/uploads/2022/10/oporn%D1%8Be-sten%D1%8B-yko.svg): failed to open stream: HTTP request failed! HTTP/1.1 404 Not Found
 in /Users/eugeneburlak/work/php/bernstone/wp-content/themes/burlak/functions.php on line 104
[14-Jan-2024 13:57:32 UTC] PHP Warning:  simplexml_load_file(): I/O warning : failed to load external entity &quot;http://bernstone.loc/wp-content/uploads/2022/10/oporn%D1%8Be-sten%D1%8B-yko.svg&quot; in /Users/eugeneburlak/work/php/bernstone/wp-content/themes/burlak/functions.php on line 104
[14-Jan-2024 13:57:32 UTC] PHP Warning:  simplexml_load_file(http://bernstone.loc/wp-content/uploads/2022/10/oporn%D1%8Be-sten%D1%8B-yko.svg): failed to open stream: HTTP request failed! HTTP/1.1 404 Not Found
 in /Users/eugeneburlak/work/php/bernstone/wp-content/themes/burlak/functions.php on line 104
[14-Jan-2024 13:57:32 UTC] PHP Warning:  simplexml_load_file(): I/O warning : failed to load external entity &quot;http://bernstone.loc/wp-content/uploads/2022/10/oporn%D1%8Be-sten%D1%8B-yko.svg&quot; in /Users/eugeneburlak/work/php/bernstone/wp-content/themes/burlak/functions.php on line 104
[14-Jan-2024 13:57:33 UTC] PHP Warning:  simplexml_load_file(http://bernstone.loc/wp-content/uploads/2022/10/oporn%D1%8Be-sten%D1%8B-yko.svg): failed to open stream: HTTP request failed! HTTP/1.1 404 Not Found
 in /Users/eugeneburlak/work/php/bernstone/wp-content/themes/burlak/functions.php on line 104
[14-Jan-2024 13:57:33 UTC] PHP Warning:  simplexml_load_file(): I/O warning : failed to load external entity &quot;http://bernstone.loc/wp-content/uploads/2022/10/oporn%D1%8Be-sten%D1%8B-yko.svg&quot; in /Users/eugeneburlak/work/php/bernstone/wp-content/themes/burlak/functions.php on line 104
[14-Jan-2024 13:57:33 UTC] PHP Warning:  simplexml_load_file(http://bernstone.loc/wp-content/uploads/2022/10/oporn%D1%8Be-sten%D1%8B-yko.svg): failed to open stream: HTTP request failed! HTTP/1.1 404 Not Found
 in /Users/eugeneburlak/work/php/bernstone/wp-content/themes/burlak/functions.php on line 104
[14-Jan-2024 13:57:33 UTC] PHP Warning:  simplexml_load_file(): I/O warning : failed to load external entity &quot;http://bernstone.loc/wp-content/uploads/2022/10/oporn%D1%8Be-sten%D1%8B-yko.svg&quot; in /Users/eugeneburlak/work/php/bernstone/wp-content/themes/burlak/functions.php on line 104
[14-Jan-2024 13:57:34 UTC] PHP Warning:  simplexml_load_file(http://bernstone.loc/wp-content/uploads/2022/10/oporn%D1%8Be-sten%D1%8B-yko.svg): failed to open stream: HTTP request failed! HTTP/1.1 404 Not Found
 in /Users/eugeneburlak/work/php/bernstone/wp-content/themes/burlak/functions.php on line 104
[14-Jan-2024 13:57:34 UTC] PHP Warning:  simplexml_load_file(): I/O warning : failed to load external entity &quot;http://bernstone.loc/wp-content/uploads/2022/10/oporn%D1%8Be-sten%D1%8B-yko.svg&quot; in /Users/eugeneburlak/work/php/bernstone/wp-content/themes/burlak/functions.php on line 104
[14-Jan-2024 13:57:34 UTC] PHP Warning:  simplexml_load_file(http://bernstone.loc/wp-content/uploads/2022/10/oporn%D1%8Be-sten%D1%8B-yko.svg): failed to open stream: HTTP request failed! HTTP/1.1 404 Not Found
 in /Users/eugeneburlak/work/php/bernstone/wp-content/themes/burlak/functions.php on line 104
[14-Jan-2024 13:57:34 UTC] PHP Warning:  simplexml_load_file(): I/O warning : failed to load external entity &quot;http://bernstone.loc/wp-content/uploads/2022/10/oporn%D1%8Be-sten%D1%8B-yko.svg&quot; in /Users/eugeneburlak/work/php/bernstone/wp-content/themes/burlak/functions.php on line 104
[14-Jan-2024 13:57:35 UTC] PHP Warning:  simplexml_load_file(http://bernstone.loc/wp-content/uploads/2022/10/oporn%D1%8Be-sten%D1%8B-yko.svg): failed to open stream: HTTP request failed! HTTP/1.1 404 Not Found
 in /Users/eugeneburlak/work/php/bernstone/wp-content/themes/burlak/functions.php on line 104
[14-Jan-2024 13:57:35 UTC] PHP Warning:  simplexml_load_file(): I/O warning : failed to load external entity &quot;http://bernstone.loc/wp-content/uploads/2022/10/oporn%D1%8Be-sten%D1%8B-yko.svg&quot; in /Users/eugeneburlak/work/php/bernstone/wp-content/themes/burlak/functions.php on line 104
[14-Jan-2024 13:57:35 UTC] PHP Warning:  simplexml_load_file(http://bernstone.loc/wp-content/uploads/2022/10/oporn%D1%8Be-sten%D1%8B-yko.svg): failed to open stream: HTTP request failed! HTTP/1.1 404 Not Found
 in /Users/eugeneburlak/work/php/bernstone/wp-content/themes/burlak/functions.php on line 104
[14-Jan-2024 13:57:35 UTC] PHP Warning:  simplexml_load_file(): I/O warning : failed to load external entity &quot;http://bernstone.loc/wp-content/uploads/2022/10/oporn%D1%8Be-sten%D1%8B-yko.svg&quot; in /Users/eugeneburlak/work/php/bernstone/wp-content/themes/burlak/functions.php on line 104
[14-Jan-2024 13:57:35 UTC] PHP Warning:  simplexml_load_file(http://bernstone.loc/wp-content/uploads/2022/10/oporn%D1%8Be-sten%D1%8B-yko.svg): failed to open stream: HTTP request failed! HTTP/1.1 404 Not Found
 in /Users/eugeneburlak/work/php/bernstone/wp-content/themes/burlak/functions.php on line 104
[14-Jan-2024 13:57:35 UTC] PHP Warning:  simplexml_load_file(): I/O warning : failed to load external entity &quot;http://bernstone.loc/wp-content/uploads/2022/10/oporn%D1%8Be-sten%D1%8B-yko.svg&quot; in /Users/eugeneburlak/work/php/bernstone/wp-content/themes/burlak/functions.php on line 104
[14-Jan-2024 13:57:36 UTC] PHP Warning:  simplexml_load_file(http://bernstone.loc/wp-content/uploads/2022/10/oporn%D1%8Be-sten%D1%8B-yko.svg): failed to open stream: HTTP request failed! HTTP/1.1 404 Not Found
 in /Users/eugeneburlak/work/php/bernstone/wp-content/themes/burlak/functions.php on line 104
[14-Jan-2024 13:57:36 UTC] PHP Warning:  simplexml_load_file(): I/O warning : failed to load external entity &quot;http://bernstone.loc/wp-content/uploads/2022/10/oporn%D1%8Be-sten%D1%8B-yko.svg&quot; in /Users/eugeneburlak/work/php/bernstone/wp-content/themes/burlak/functions.php on line 104
[14-Jan-2024 13:57:36 UTC] PHP Warning:  simplexml_load_file(http://bernstone.loc/wp-content/uploads/2022/10/oporn%D1%8Be-sten%D1%8B-yko.svg): failed to open stream: HTTP request failed! HTTP/1.1 404 Not Found
 in /Users/eugeneburlak/work/php/bernstone/wp-content/themes/burlak/functions.php on line 104
[14-Jan-2024 13:57:36 UTC] PHP Warning:  simplexml_load_file(): I/O warning : failed to load external entity &quot;http://bernstone.loc/wp-content/uploads/2022/10/oporn%D1%8Be-sten%D1%8B-yko.svg&quot; in /Users/eugeneburlak/work/php/bernstone/wp-content/themes/burlak/functions.php on line 104
[14-Jan-2024 13:57:37 UTC] PHP Warning:  simplexml_load_file(http://bernstone.loc/wp-content/uploads/2022/10/bbk-yko.svg): failed to open stream: HTTP request failed! HTTP/1.1 404 Not Found
 in /Users/eugeneburlak/work/php/bernstone/wp-content/themes/burlak/functions.php on line 104
[14-Jan-2024 13:57:37 UTC] PHP Warning:  simplexml_load_file(): I/O warning : failed to load external entity &quot;http://bernstone.loc/wp-content/uploads/2022/10/bbk-yko.svg&quot; in /Users/eugeneburlak/work/php/bernstone/wp-content/themes/burlak/functions.php on line 104
[14-Jan-2024 13:57:37 UTC] PHP Warning:  simplexml_load_file(http://bernstone.loc/wp-content/uploads/2022/10/bbk-yko.svg): failed to open stream: HTTP request failed! HTTP/1.1 404 Not Found
 in /Users/eugeneburlak/work/php/bernstone/wp-content/themes/burlak/functions.php on line 104
[14-Jan-2024 13:57:37 UTC] PHP Warning:  simplexml_load_file(): I/O warning : failed to load external entity &quot;http://bernstone.loc/wp-content/uploads/2022/10/bbk-yko.svg&quot; in /Users/eugeneburlak/work/php/bernstone/wp-content/themes/burlak/functions.php on line 104
[14-Jan-2024 13:57:38 UTC] PHP Warning:  simplexml_load_file(http://bernstone.loc/wp-content/uploads/2022/10/bbk-yko.svg): failed to open stream: HTTP request failed! HTTP/1.1 404 Not Found
 in /Users/eugeneburlak/work/php/bernstone/wp-content/themes/burlak/functions.php on line 104
[14-Jan-2024 13:57:38 UTC] PHP Warning:  simplexml_load_file(): I/O warning : failed to load external entity &quot;http://bernstone.loc/wp-content/uploads/2022/10/bbk-yko.svg&quot; in /Users/eugeneburlak/work/php/bernstone/wp-content/themes/burlak/functions.php on line 104
[14-Jan-2024 13:57:38 UTC] PHP Warning:  simplexml_load_file(http://bernstone.loc/wp-content/uploads/2022/10/bbk-yko.svg): failed to open stream: HTTP request failed! HTTP/1.1 404 Not Found
 in /Users/eugeneburlak/work/php/bernstone/wp-content/themes/burlak/functions.php on line 104
[14-Jan-2024 13:57:38 UTC] PHP Warning:  simplexml_load_file(): I/O warning : failed to load external entity &quot;http://bernstone.loc/wp-content/uploads/2022/10/bbk-yko.svg&quot; in /Users/eugeneburlak/work/php/bernstone/wp-content/themes/burlak/functions.php on line 104
[14-Jan-2024 13:57:38 UTC] PHP Warning:  simplexml_load_file(http://bernstone.loc/wp-content/uploads/2022/10/bbk-yko.svg): failed to open stream: HTTP request failed! HTTP/1.1 404 Not Found
 in /Users/eugeneburlak/work/php/bernstone/wp-content/themes/burlak/functions.php on line 104
[14-Jan-2024 13:57:38 UTC] PHP Warning:  simplexml_load_file(): I/O warning : failed to load external entity &quot;http://bernstone.loc/wp-content/uploads/2022/10/bbk-yko.svg&quot; in /Users/eugeneburlak/work/php/bernstone/wp-content/themes/burlak/functions.php on line 104
[14-Jan-2024 13:57:39 UTC] PHP Warning:  simplexml_load_file(http://bernstone.loc/wp-content/uploads/2022/10/bbk-yko.svg): failed to open stream: HTTP request failed! HTTP/1.1 404 Not Found
 in /Users/eugeneburlak/work/php/bernstone/wp-content/themes/burlak/functions.php on line 104
[14-Jan-2024 13:57:39 UTC] PHP Warning:  simplexml_load_file(): I/O warning : failed to load external entity &quot;http://bernstone.loc/wp-content/uploads/2022/10/bbk-yko.svg&quot; in /Users/eugeneburlak/work/php/bernstone/wp-content/themes/burlak/functions.php on line 104
[14-Jan-2024 13:57:39 UTC] PHP Warning:  simplexml_load_file(http://bernstone.loc/wp-content/uploads/2022/10/bbk-yko.svg): failed to open stream: HTTP request failed! HTTP/1.1 404 Not Found
 in /Users/eugeneburlak/work/php/bernstone/wp-content/themes/burlak/functions.php on line 104
[14-Jan-2024 13:57:39 UTC] PHP Warning:  simplexml_load_file(): I/O warning : failed to load external entity &quot;http://bernstone.loc/wp-content/uploads/2022/10/bbk-yko.svg&quot; in /Users/eugeneburlak/work/php/bernstone/wp-content/themes/burlak/functions.php on line 104
[14-Jan-2024 13:57:40 UTC] PHP Warning:  simplexml_load_file(http://bernstone.loc/wp-content/uploads/2022/10/bbk-yko.svg): failed to open stream: HTTP request failed! HTTP/1.1 404 Not Found
 in /Users/eugeneburlak/work/php/bernstone/wp-content/themes/burlak/functions.php on line 104
[14-Jan-2024 13:57:40 UTC] PHP Warning:  simplexml_load_file(): I/O warning : failed to load external entity &quot;http://bernstone.loc/wp-content/uploads/2022/10/bbk-yko.svg&quot; in /Users/eugeneburlak/work/php/bernstone/wp-content/themes/burlak/functions.php on line 104
[14-Jan-2024 13:57:40 UTC] PHP Warning:  simplexml_load_file(http://bernstone.loc/wp-content/uploads/2022/10/bbk-yko.svg): failed to open stream: HTTP request failed! HTTP/1.1 404 Not Found
 in /Users/eugeneburlak/work/php/bernstone/wp-content/themes/burlak/functions.php on line 104
[14-Jan-2024 13:57:40 UTC] PHP Warning:  simplexml_load_file(): I/O warning : failed to load external entity &quot;http://bernstone.loc/wp-content/uploads/2022/10/bbk-yko.svg&quot; in /Users/eugeneburlak/work/php/bernstone/wp-content/themes/burlak/functions.php on line 104
[14-Jan-2024 13:57:41 UTC] PHP Warning:  simplexml_load_file(http://bernstone.loc/wp-content/uploads/2022/10/bbk-yko.svg): failed to open stream: HTTP request failed! HTTP/1.1 404 Not Found
 in /Users/eugeneburlak/work/php/bernstone/wp-content/themes/burlak/functions.php on line 104
[14-Jan-2024 13:57:41 UTC] PHP Warning:  simplexml_load_file(): I/O warning : failed to load external entity &quot;http://bernstone.loc/wp-content/uploads/2022/10/bbk-yko.svg&quot; in /Users/eugeneburlak/work/php/bernstone/wp-content/themes/burlak/functions.php on line 104
[14-Jan-2024 13:57:41 UTC] PHP Warning:  simplexml_load_file(http://bernstone.loc/wp-content/uploads/2022/10/bbk-yko.svg): failed to open stream: HTTP request failed! HTTP/1.1 404 Not Found
 in /Users/eugeneburlak/work/php/bernstone/wp-content/themes/burlak/functions.php on line 104
[14-Jan-2024 13:57:41 UTC] PHP Warning:  simplexml_load_file(): I/O warning : failed to load external entity &quot;http://bernstone.loc/wp-content/uploads/2022/10/bbk-yko.svg&quot; in /Users/eugeneburlak/work/php/bernstone/wp-content/themes/burlak/functions.php on line 104
[14-Jan-2024 13:57:42 UTC] PHP Warning:  simplexml_load_file(http://bernstone.loc/wp-content/uploads/2022/10/bbk-yko.svg): failed to open stream: HTTP request failed! HTTP/1.1 404 Not Found
 in /Users/eugeneburlak/work/php/bernstone/wp-content/themes/burlak/functions.php on line 104
[14-Jan-2024 13:57:42 UTC] PHP Warning:  simplexml_load_file(): I/O warning : failed to load external entity &quot;http://bernstone.loc/wp-content/uploads/2022/10/bbk-yko.svg&quot; in /Users/eugeneburlak/work/php/bernstone/wp-content/themes/burlak/functions.php on line 104
[14-Jan-2024 13:57:42 UTC] PHP Warning:  simplexml_load_file(http://bernstone.loc/wp-content/uploads/2022/10/bbk-yko.svg): failed to open stream: HTTP request failed! HTTP/1.1 404 Not Found
 in /Users/eugeneburlak/work/php/bernstone/wp-content/themes/burlak/functions.php on line 104
[14-Jan-2024 13:57:42 UTC] PHP Warning:  simplexml_load_file(): I/O warning : failed to load external entity &quot;http://bernstone.loc/wp-content/uploads/2022/10/bbk-yko.svg&quot; in /Users/eugeneburlak/work/php/bernstone/wp-content/themes/burlak/functions.php on line 104
[14-Jan-2024 13:57:42 UTC] PHP Warning:  simplexml_load_file(http://bernstone.loc/wp-content/uploads/2022/10/bbk-yko.svg): failed to open stream: HTTP request failed! HTTP/1.1 404 Not Found
 in /Users/eugeneburlak/work/php/bernstone/wp-content/themes/burlak/functions.php on line 104
[14-Jan-2024 13:57:42 UTC] PHP Warning:  simplexml_load_file(): I/O warning : failed to load external entity &quot;http://bernstone.loc/wp-content/uploads/2022/10/bbk-yko.svg&quot; in /Users/eugeneburlak/work/php/bernstone/wp-content/themes/burlak/functions.php on line 104
[14-Jan-2024 13:57:43 UTC] PHP Warning:  simplexml_load_file(http://bernstone.loc/wp-content/uploads/2022/10/bbk-yko.svg): failed to open stream: HTTP request failed! HTTP/1.1 404 Not Found
 in /Users/eugeneburlak/work/php/bernstone/wp-content/themes/burlak/functions.php on line 104
[14-Jan-2024 13:57:43 UTC] PHP Warning:  simplexml_load_file(): I/O warning : failed to load external entity &quot;http://bernstone.loc/wp-content/uploads/2022/10/bbk-yko.svg&quot; in /Users/eugeneburlak/work/php/bernstone/wp-content/themes/burlak/functions.php on line 104
[14-Jan-2024 13:57:43 UTC] PHP Warning:  simplexml_load_file(http://bernstone.loc/wp-content/uploads/2022/10/bbk-yko.svg): failed to open stream: HTTP request failed! HTTP/1.1 404 Not Found
 in /Users/eugeneburlak/work/php/bernstone/wp-content/themes/burlak/functions.php on line 104
[14-Jan-2024 13:57:43 UTC] PHP Warning:  simplexml_load_file(): I/O warning : failed to load external entity &quot;http://bernstone.loc/wp-content/uploads/2022/10/bbk-yko.svg&quot; in /Users/eugeneburlak/work/php/bernstone/wp-content/themes/burlak/functions.php on line 104
[14-Jan-2024 13:57:44 UTC] PHP Warning:  simplexml_load_file(http://bernstone.loc/wp-content/uploads/2022/10/bbk-yko.svg): failed to open stream: HTTP request failed! HTTP/1.1 404 Not Found
 in /Users/eugeneburlak/work/php/bernstone/wp-content/themes/burlak/functions.php on line 104
[14-Jan-2024 13:57:44 UTC] PHP Warning:  simplexml_load_file(): I/O warning : failed to load external entity &quot;http://bernstone.loc/wp-content/uploads/2022/10/bbk-yko.svg&quot; in /Users/eugeneburlak/work/php/bernstone/wp-content/themes/burlak/functions.php on line 104
[14-Jan-2024 13:57:44 UTC] PHP Warning:  simplexml_load_file(http://bernstone.loc/wp-content/uploads/2022/10/bbk-yko.svg): failed to open stream: HTTP request failed! HTTP/1.1 404 Not Found
 in /Users/eugeneburlak/work/php/bernstone/wp-content/themes/burlak/functions.php on line 104
[14-Jan-2024 13:57:44 UTC] PHP Warning:  simplexml_load_file(): I/O warning : failed to load external entity &quot;http://bernstone.loc/wp-content/uploads/2022/10/bbk-yko.svg&quot; in /Users/eugeneburlak/work/php/bernstone/wp-content/themes/burlak/functions.php on line 104
[14-Jan-2024 13:57:45 UTC] PHP Warning:  simplexml_load_file(http://bernstone.loc/wp-content/uploads/2022/10/bbk-yko.svg): failed to open stream: HTTP request failed! HTTP/1.1 404 Not Found
 in /Users/eugeneburlak/work/php/bernstone/wp-content/themes/burlak/functions.php on line 104
[14-Jan-2024 13:57:45 UTC] PHP Warning:  simplexml_load_file(): I/O warning : failed to load external entity &quot;http://bernstone.loc/wp-content/uploads/2022/10/bbk-yko.svg&quot; in /Users/eugeneburlak/work/php/bernstone/wp-content/themes/burlak/functions.php on line 104
[14-Jan-2024 13:57:45 UTC] PHP Warning:  simplexml_load_file(http://bernstone.loc/wp-content/uploads/2022/10/bbk-yko.svg): failed to open stream: HTTP request failed! HTTP/1.1 404 Not Found
 in /Users/eugeneburlak/work/php/bernstone/wp-content/themes/burlak/functions.php on line 104
[14-Jan-2024 13:57:45 UTC] PHP Warning:  simplexml_load_file(): I/O warning : failed to load external entity &quot;http://bernstone.loc/wp-content/uploads/2022/10/bbk-yko.svg&quot; in /Users/eugeneburlak/work/php/bernstone/wp-content/themes/burlak/functions.php on line 104
[14-Jan-2024 13:57:45 UTC] PHP Warning:  simplexml_load_file(http://bernstone.loc/wp-content/uploads/2022/10/bbk-yko.svg): failed to open stream: HTTP request failed! HTTP/1.1 404 Not Found
 in /Users/eugeneburlak/work/php/bernstone/wp-content/themes/burlak/functions.php on line 104
[14-Jan-2024 13:57:45 UTC] PHP Warning:  simplexml_load_file(): I/O warning : failed to load external entity &quot;http://bernstone.loc/wp-content/uploads/2022/10/bbk-yko.svg&quot; in /Users/eugeneburlak/work/php/bernstone/wp-content/themes/burlak/functions.php on line 104
[14-Jan-2024 13:57:46 UTC] PHP Warning:  simplexml_load_file(http://bernstone.loc/wp-content/uploads/2022/10/bbk-yko.svg): failed to open stream: HTTP request failed! HTTP/1.1 404 Not Found
 in /Users/eugeneburlak/work/php/bernstone/wp-content/themes/burlak/functions.php on line 104
[14-Jan-2024 13:57:46 UTC] PHP Warning:  simplexml_load_file(): I/O warning : failed to load external entity &quot;http://bernstone.loc/wp-content/uploads/2022/10/bbk-yko.svg&quot; in /Users/eugeneburlak/work/php/bernstone/wp-content/themes/burlak/functions.php on line 104
[14-Jan-2024 13:57:46 UTC] PHP Warning:  simplexml_load_file(http://bernstone.loc/wp-content/uploads/2022/10/bbk-yko.svg): failed to open stream: HTTP request failed! HTTP/1.1 404 Not Found
 in /Users/eugeneburlak/work/php/bernstone/wp-content/themes/burlak/functions.php on line 104
[14-Jan-2024 13:57:46 UTC] PHP Warning:  simplexml_load_file(): I/O warning : failed to load external entity &quot;http://bernstone.loc/wp-content/uploads/2022/10/bbk-yko.svg&quot; in /Users/eugeneburlak/work/php/bernstone/wp-content/themes/burlak/functions.php on line 104
[14-Jan-2024 13:57:47 UTC] PHP Warning:  simplexml_load_file(http://bernstone.loc/wp-content/uploads/2022/10/bbk-yko.svg): failed to open stream: HTTP request failed! HTTP/1.1 404 Not Found
 in /Users/eugeneburlak/work/php/bernstone/wp-content/themes/burlak/functions.php on line 104
[14-Jan-2024 13:57:47 UTC] PHP Warning:  simplexml_load_file(): I/O warning : failed to load external entity &quot;http://bernstone.loc/wp-content/uploads/2022/10/bbk-yko.svg&quot; in /Users/eugeneburlak/work/php/bernstone/wp-content/themes/burlak/functions.php on line 104
[14-Jan-2024 13:57:47 UTC] PHP Warning:  simplexml_load_file(http://bernstone.loc/wp-content/uploads/2022/10/bbk-yko.svg): failed to open stream: HTTP request failed! HTTP/1.1 404 Not Found
 in /Users/eugeneburlak/work/php/bernstone/wp-content/themes/burlak/functions.php on line 104
[14-Jan-2024 13:57:47 UTC] PHP Warning:  simplexml_load_file(): I/O warning : failed to load external entity &quot;http://bernstone.loc/wp-content/uploads/2022/10/bbk-yko.svg&quot; in /Users/eugeneburlak/work/php/bernstone/wp-content/themes/burlak/functions.php on line 104
[14-Jan-2024 13:57:47 UTC] PHP Warning:  simplexml_load_file(http://bernstone.loc/wp-content/uploads/2022/12/besedky-yko.svg): failed to open stream: HTTP request failed! HTTP/1.1 404 Not Found
 in /Users/eugeneburlak/work/php/bernstone/wp-content/themes/burlak/functions.php on line 104
[14-Jan-2024 13:57:47 UTC] PHP Warning:  simplexml_load_file(): I/O warning : failed to load external entity &quot;http://bernstone.loc/wp-content/uploads/2022/12/besedky-yko.svg&quot; in /Users/eugeneburlak/work/php/bernstone/wp-content/themes/burlak/functions.php on line 104
[14-Jan-2024 13:57:48 UTC] PHP Warning:  simplexml_load_file(http://bernstone.loc/wp-content/uploads/2022/12/besedky-yko.svg): failed to open stream: HTTP request failed! HTTP/1.1 404 Not Found
 in /Users/eugeneburlak/work/php/bernstone/wp-content/themes/burlak/functions.php on line 104
[14-Jan-2024 13:57:48 UTC] PHP Warning:  simplexml_load_file(): I/O warning : failed to load external entity &quot;http://bernstone.loc/wp-content/uploads/2022/12/besedky-yko.svg&quot; in /Users/eugeneburlak/work/php/bernstone/wp-content/themes/burlak/functions.php on line 104
[14-Jan-2024 13:57:48 UTC] PHP Warning:  simplexml_load_file(http://bernstone.loc/wp-content/uploads/2022/12/besedky-yko.svg): failed to open stream: HTTP request failed! HTTP/1.1 404 Not Found
 in /Users/eugeneburlak/work/php/bernstone/wp-content/themes/burlak/functions.php on line 104
[14-Jan-2024 13:57:48 UTC] PHP Warning:  simplexml_load_file(): I/O warning : failed to load external entity &quot;http://bernstone.loc/wp-content/uploads/2022/12/besedky-yko.svg&quot; in /Users/eugeneburlak/work/php/bernstone/wp-content/themes/burlak/functions.php on line 104
[14-Jan-2024 13:57:49 UTC] PHP Warning:  simplexml_load_file(http://bernstone.loc/wp-content/uploads/2022/12/besedky-yko.svg): failed to open stream: HTTP request failed! HTTP/1.1 404 Not Found
 in /Users/eugeneburlak/work/php/bernstone/wp-content/themes/burlak/functions.php on line 104
[14-Jan-2024 13:57:49 UTC] PHP Warning:  simplexml_load_file(): I/O warning : failed to load external entity &quot;http://bernstone.loc/wp-content/uploads/2022/12/besedky-yko.svg&quot; in /Users/eugeneburlak/work/php/bernstone/wp-content/themes/burlak/functions.php on line 104
[14-Jan-2024 13:57:49 UTC] PHP Warning:  simplexml_load_file(http://bernstone.loc/wp-content/uploads/2022/12/besedky-yko.svg): failed to open stream: HTTP request failed! HTTP/1.1 404 Not Found
 in /Users/eugeneburlak/work/php/bernstone/wp-content/themes/burlak/functions.php on line 104
[14-Jan-2024 13:57:49 UTC] PHP Warning:  simplexml_load_file(): I/O warning : failed to load external entity &quot;http://bernstone.loc/wp-content/uploads/2022/12/besedky-yko.svg&quot; in /Users/eugeneburlak/work/php/bernstone/wp-content/themes/burlak/functions.php on line 104
[14-Jan-2024 13:57:49 UTC] PHP Warning:  simplexml_load_file(http://bernstone.loc/wp-content/uploads/2022/12/besedky-yko.svg): failed to open stream: HTTP request failed! HTTP/1.1 404 Not Found
 in /Users/eugeneburlak/work/php/bernstone/wp-content/themes/burlak/functions.php on line 104
[14-Jan-2024 13:57:49 UTC] PHP Warning:  simplexml_load_file(): I/O warning : failed to load external entity &quot;http://bernstone.loc/wp-content/uploads/2022/12/besedky-yko.svg&quot; in /Users/eugeneburlak/work/php/bernstone/wp-content/themes/burlak/functions.php on line 104
[14-Jan-2024 13:57:50 UTC] PHP Warning:  simplexml_load_file(http://bernstone.loc/wp-content/uploads/2022/12/besedky-yko.svg): failed to open stream: HTTP request failed! HTTP/1.1 404 Not Found
 in /Users/eugeneburlak/work/php/bernstone/wp-content/themes/burlak/functions.php on line 104
[14-Jan-2024 13:57:50 UTC] PHP Warning:  simplexml_load_file(): I/O warning : failed to load external entity &quot;http://bernstone.loc/wp-content/uploads/2022/12/besedky-yko.svg&quot; in /Users/eugeneburlak/work/php/bernstone/wp-content/themes/burlak/functions.php on line 104
[14-Jan-2024 13:57:50 UTC] PHP Warning:  simplexml_load_file(http://bernstone.loc/wp-content/uploads/2022/12/besedky-yko.svg): failed to open stream: HTTP request failed! HTTP/1.1 404 Not Found
 in /Users/eugeneburlak/work/php/bernstone/wp-content/themes/burlak/functions.php on line 104
[14-Jan-2024 13:57:50 UTC] PHP Warning:  simplexml_load_file(): I/O warning : failed to load external entity &quot;http://bernstone.loc/wp-content/uploads/2022/12/besedky-yko.svg&quot; in /Users/eugeneburlak/work/php/bernstone/wp-content/themes/burlak/functions.php on line 104
[14-Jan-2024 13:57:51 UTC] PHP Warning:  simplexml_load_file(http://bernstone.loc/wp-content/uploads/2022/12/besedky-yko.svg): failed to open stream: HTTP request failed! HTTP/1.1 404 Not Found
 in /Users/eugeneburlak/work/php/bernstone/wp-content/themes/burlak/functions.php on line 104
[14-Jan-2024 13:57:51 UTC] PHP Warning:  simplexml_load_file(): I/O warning : failed to load external entity &quot;http://bernstone.loc/wp-content/uploads/2022/12/besedky-yko.svg&quot; in /Users/eugeneburlak/work/php/bernstone/wp-content/themes/burlak/functions.php on line 104
[14-Jan-2024 13:57:51 UTC] PHP Warning:  simplexml_load_file(http://bernstone.loc/wp-content/uploads/2022/12/besedky-yko.svg): failed to open stream: HTTP request failed! HTTP/1.1 404 Not Found
 in /Users/eugeneburlak/work/php/bernstone/wp-content/themes/burlak/functions.php on line 104
[14-Jan-2024 13:57:51 UTC] PHP Warning:  simplexml_load_file(): I/O warning : failed to load external entity &quot;http://bernstone.loc/wp-content/uploads/2022/12/besedky-yko.svg&quot; in /Users/eugeneburlak/work/php/bernstone/wp-content/themes/burlak/functions.php on line 104
[14-Jan-2024 13:57:51 UTC] PHP Warning:  simplexml_load_file(http://bernstone.loc/wp-content/uploads/2022/12/besedky-yko.svg): failed to open stream: HTTP request failed! HTTP/1.1 404 Not Found
 in /Users/eugeneburlak/work/php/bernstone/wp-content/themes/burlak/functions.php on line 104
[14-Jan-2024 13:57:51 UTC] PHP Warning:  simplexml_load_file(): I/O warning : failed to load external entity &quot;http://bernstone.loc/wp-content/uploads/2022/12/besedky-yko.svg&quot; in /Users/eugeneburlak/work/php/bernstone/wp-content/themes/burlak/functions.php on line 104
[14-Jan-2024 13:57:52 UTC] PHP Warning:  simplexml_load_file(http://bernstone.loc/wp-content/uploads/2022/12/besedky-yko.svg): failed to open stream: HTTP request failed! HTTP/1.1 404 Not Found
 in /Users/eugeneburlak/work/php/bernstone/wp-content/themes/burlak/functions.php on line 104
[14-Jan-2024 13:57:52 UTC] PHP Warning:  simplexml_load_file(): I/O warning : failed to load external entity &quot;http://bernstone.loc/wp-content/uploads/2022/12/besedky-yko.svg&quot; in /Users/eugeneburlak/work/php/bernstone/wp-content/themes/burlak/functions.php on line 104
[14-Jan-2024 13:57:52 UTC] PHP Warning:  simplexml_load_file(http://bernstone.loc/wp-content/uploads/2022/12/besedky-yko.svg): failed to open stream: HTTP request failed! HTTP/1.1 404 Not Found
 in /Users/eugeneburlak/work/php/bernstone/wp-content/themes/burlak/functions.php on line 104
[14-Jan-2024 13:57:52 UTC] PHP Warning:  simplexml_load_file(): I/O warning : failed to load external entity &quot;http://bernstone.loc/wp-content/uploads/2022/12/besedky-yko.svg&quot; in /Users/eugeneburlak/work/php/bernstone/wp-content/themes/burlak/functions.php on line 104
[14-Jan-2024 13:57:53 UTC] PHP Warning:  simplexml_load_file(http://bernstone.loc/wp-content/uploads/2022/12/besedky-yko.svg): failed to open stream: HTTP request failed! HTTP/1.1 404 Not Found
 in /Users/eugeneburlak/work/php/bernstone/wp-content/themes/burlak/functions.php on line 104
[14-Jan-2024 13:57:53 UTC] PHP Warning:  simplexml_load_file(): I/O warning : failed to load external entity &quot;http://bernstone.loc/wp-content/uploads/2022/12/besedky-yko.svg&quot; in /Users/eugeneburlak/work/php/bernstone/wp-content/themes/burlak/functions.php on line 104
[14-Jan-2024 13:57:53 UTC] PHP Warning:  simplexml_load_file(http://bernstone.loc/wp-content/uploads/2022/12/besedky-yko.svg): failed to open stream: HTTP request failed! HTTP/1.1 404 Not Found
 in /Users/eugeneburlak/work/php/bernstone/wp-content/themes/burlak/functions.php on line 104
[14-Jan-2024 13:57:53 UTC] PHP Warning:  simplexml_load_file(): I/O warning : failed to load external entity &quot;http://bernstone.loc/wp-content/uploads/2022/12/besedky-yko.svg&quot; in /Users/eugeneburlak/work/php/bernstone/wp-content/themes/burlak/functions.php on line 104
[14-Jan-2024 13:57:54 UTC] PHP Warning:  simplexml_load_file(http://bernstone.loc/wp-content/uploads/2022/12/besedky-yko.svg): failed to open stream: HTTP request failed! HTTP/1.1 404 Not Found
 in /Users/eugeneburlak/work/php/bernstone/wp-content/themes/burlak/functions.php on line 104
[14-Jan-2024 13:57:54 UTC] PHP Warning:  simplexml_load_file(): I/O warning : failed to load external entity &quot;http://bernstone.loc/wp-content/uploads/2022/12/besedky-yko.svg&quot; in /Users/eugeneburlak/work/php/bernstone/wp-content/themes/burlak/functions.php on line 104
[14-Jan-2024 13:57:54 UTC] PHP Warning:  simplexml_load_file(http://bernstone.loc/wp-content/uploads/2022/12/besedky-yko.svg): failed to open stream: HTTP request failed! HTTP/1.1 404 Not Found
 in /Users/eugeneburlak/work/php/bernstone/wp-content/themes/burlak/functions.php on line 104
[14-Jan-2024 13:57:54 UTC] PHP Warning:  simplexml_load_file(): I/O warning : failed to load external entity &quot;http://bernstone.loc/wp-content/uploads/2022/12/besedky-yko.svg&quot; in /Users/eugeneburlak/work/php/bernstone/wp-content/themes/burlak/functions.php on line 104
[14-Jan-2024 13:57:54 UTC] PHP Warning:  simplexml_load_file(http://bernstone.loc/wp-content/uploads/2022/12/besedky-yko.svg): failed to open stream: HTTP request failed! HTTP/1.1 404 Not Found
 in /Users/eugeneburlak/work/php/bernstone/wp-content/themes/burlak/functions.php on line 104
[14-Jan-2024 13:57:54 UTC] PHP Warning:  simplexml_load_file(): I/O warning : failed to load external entity &quot;http://bernstone.loc/wp-content/uploads/2022/12/besedky-yko.svg&quot; in /Users/eugeneburlak/work/php/bernstone/wp-content/themes/burlak/functions.php on line 104
[14-Jan-2024 13:57:55 UTC] PHP Warning:  simplexml_load_file(http://bernstone.loc/wp-content/uploads/2022/12/besedky-yko.svg): failed to open stream: HTTP request failed! HTTP/1.1 404 Not Found
 in /Users/eugeneburlak/work/php/bernstone/wp-content/themes/burlak/functions.php on line 104
[14-Jan-2024 13:57:55 UTC] PHP Warning:  simplexml_load_file(): I/O warning : failed to load external entity &quot;http://bernstone.loc/wp-content/uploads/2022/12/besedky-yko.svg&quot; in /Users/eugeneburlak/work/php/bernstone/wp-content/themes/burlak/functions.php on line 104
[14-Jan-2024 13:57:55 UTC] PHP Warning:  simplexml_load_file(http://bernstone.loc/wp-content/uploads/2022/12/besedky-yko.svg): failed to open stream: HTTP request failed! HTTP/1.1 404 Not Found
 in /Users/eugeneburlak/work/php/bernstone/wp-content/themes/burlak/functions.php on line 104
[14-Jan-2024 13:57:55 UTC] PHP Warning:  simplexml_load_file(): I/O warning : failed to load external entity &quot;http://bernstone.loc/wp-content/uploads/2022/12/besedky-yko.svg&quot; in /Users/eugeneburlak/work/php/bernstone/wp-content/themes/burlak/functions.php on line 104
[14-Jan-2024 13:57:56 UTC] PHP Warning:  simplexml_load_file(http://bernstone.loc/wp-content/uploads/2022/12/besedky-yko.svg): failed to open stream: HTTP request failed! HTTP/1.1 404 Not Found
 in /Users/eugeneburlak/work/php/bernstone/wp-content/themes/burlak/functions.php on line 104
[14-Jan-2024 13:57:56 UTC] PHP Warning:  simplexml_load_file(): I/O warning : failed to load external entity &quot;http://bernstone.loc/wp-content/uploads/2022/12/besedky-yko.svg&quot; in /Users/eugeneburlak/work/php/bernstone/wp-content/themes/burlak/functions.php on line 104
[14-Jan-2024 13:57:56 UTC] PHP Warning:  simplexml_load_file(http://bernstone.loc/wp-content/uploads/2022/12/besedky-yko.svg): failed to open stream: HTTP request failed! HTTP/1.1 404 Not Found
 in /Users/eugeneburlak/work/php/bernstone/wp-content/themes/burlak/functions.php on line 104
[14-Jan-2024 13:57:56 UTC] PHP Warning:  simplexml_load_file(): I/O warning : failed to load external entity &quot;http://bernstone.loc/wp-content/uploads/2022/12/besedky-yko.svg&quot; in /Users/eugeneburlak/work/php/bernstone/wp-content/themes/burlak/functions.php on line 104
[14-Jan-2024 13:57:56 UTC] PHP Warning:  simplexml_load_file(http://bernstone.loc/wp-content/uploads/2022/12/besedky-yko.svg): failed to open stream: HTTP request failed! HTTP/1.1 404 Not Found
 in /Users/eugeneburlak/work/php/bernstone/wp-content/themes/burlak/functions.php on line 104
[14-Jan-2024 13:57:56 UTC] PHP Warning:  simplexml_load_file(): I/O warning : failed to load external entity &quot;http://bernstone.loc/wp-content/uploads/2022/12/besedky-yko.svg&quot; in /Users/eugeneburlak/work/php/bernstone/wp-content/themes/burlak/functions.php on line 104
[14-Jan-2024 13:57:57 UTC] PHP Warning:  simplexml_load_file(http://bernstone.loc/wp-content/uploads/2022/12/besedky-yko.svg): failed to open stream: HTTP request failed! HTTP/1.1 404 Not Found
 in /Users/eugeneburlak/work/php/bernstone/wp-content/themes/burlak/functions.php on line 104
[14-Jan-2024 13:57:57 UTC] PHP Warning:  simplexml_load_file(): I/O warning : failed to load external entity &quot;http://bernstone.loc/wp-content/uploads/2022/12/besedky-yko.svg&quot; in /Users/eugeneburlak/work/php/bernstone/wp-content/themes/burlak/functions.php on line 104
[14-Jan-2024 13:57:57 UTC] PHP Warning:  simplexml_load_file(http://bernstone.loc/wp-content/uploads/2022/12/besedky-yko.svg): failed to open stream: HTTP request failed! HTTP/1.1 404 Not Found
 in /Users/eugeneburlak/work/php/bernstone/wp-content/themes/burlak/functions.php on line 104
[14-Jan-2024 13:57:57 UTC] PHP Warning:  simplexml_load_file(): I/O warning : failed to load external entity &quot;http://bernstone.loc/wp-content/uploads/2022/12/besedky-yko.svg&quot; in /Users/eugeneburlak/work/php/bernstone/wp-content/themes/burlak/functions.php on line 104
[14-Jan-2024 13:57:58 UTC] PHP Warning:  simplexml_load_file(http://bernstone.loc/wp-content/uploads/2022/10/zabor%D1%8B-yko.svg): failed to open stream: HTTP request failed! HTTP/1.1 404 Not Found
 in /Users/eugeneburlak/work/php/bernstone/wp-content/themes/burlak/functions.php on line 104
[14-Jan-2024 13:57:58 UTC] PHP Warning:  simplexml_load_file(): I/O warning : failed to load external entity &quot;http://bernstone.loc/wp-content/uploads/2022/10/zabor%D1%8B-yko.svg&quot; in /Users/eugeneburlak/work/php/bernstone/wp-content/themes/burlak/functions.php on line 104
[14-Jan-2024 13:57:58 UTC] PHP Warning:  simplexml_load_file(http://bernstone.loc/wp-content/uploads/2022/10/zabor%D1%8B-yko.svg): failed to open stream: HTTP request failed! HTTP/1.1 404 Not Found
 in /Users/eugeneburlak/work/php/bernstone/wp-content/themes/burlak/functions.php on line 104
[14-Jan-2024 13:57:58 UTC] PHP Warning:  simplexml_load_file(): I/O warning : failed to load external entity &quot;http://bernstone.loc/wp-content/uploads/2022/10/zabor%D1%8B-yko.svg&quot; in /Users/eugeneburlak/work/php/bernstone/wp-content/themes/burlak/functions.php on line 104
[14-Jan-2024 13:57:59 UTC] PHP Warning:  simplexml_load_file(http://bernstone.loc/wp-content/uploads/2022/10/zabor%D1%8B-yko.svg): failed to open stream: HTTP request failed! HTTP/1.1 404 Not Found
 in /Users/eugeneburlak/work/php/bernstone/wp-content/themes/burlak/functions.php on line 104
[14-Jan-2024 13:57:59 UTC] PHP Warning:  simplexml_load_file(): I/O warning : failed to load external entity &quot;http://bernstone.loc/wp-content/uploads/2022/10/zabor%D1%8B-yko.svg&quot; in /Users/eugeneburlak/work/php/bernstone/wp-content/themes/burlak/functions.php on line 104
[14-Jan-2024 13:58:00 UTC] PHP Warning:  simplexml_load_file(http://bernstone.loc/wp-content/uploads/2022/10/zabor%D1%8B-yko.svg): failed to open stream: HTTP request failed! HTTP/1.1 404 Not Found
 in /Users/eugeneburlak/work/php/bernstone/wp-content/themes/burlak/functions.php on line 104
[14-Jan-2024 13:58:00 UTC] PHP Warning:  simplexml_load_file(): I/O warning : failed to load external entity &quot;http://bernstone.loc/wp-content/uploads/2022/10/zabor%D1%8B-yko.svg&quot; in /Users/eugeneburlak/work/php/bernstone/wp-content/themes/burlak/functions.php on line 104
[14-Jan-2024 13:58:01 UTC] PHP Warning:  simplexml_load_file(http://bernstone.loc/wp-content/uploads/2022/10/zabor%D1%8B-yko.svg): failed to open stream: HTTP request failed! HTTP/1.1 404 Not Found
 in /Users/eugeneburlak/work/php/bernstone/wp-content/themes/burlak/functions.php on line 104
[14-Jan-2024 13:58:01 UTC] PHP Warning:  simplexml_load_file(): I/O warning : failed to load external entity &quot;http://bernstone.loc/wp-content/uploads/2022/10/zabor%D1%8B-yko.svg&quot; in /Users/eugeneburlak/work/php/bernstone/wp-content/themes/burlak/functions.php on line 104
[14-Jan-2024 13:58:03 UTC] PHP Warning:  simplexml_load_file(http://bernstone.loc/wp-content/uploads/2022/10/zabor%D1%8B-yko.svg): failed to open stream: HTTP request failed! HTTP/1.1 404 Not Found
 in /Users/eugeneburlak/work/php/bernstone/wp-content/themes/burlak/functions.php on line 104
[14-Jan-2024 13:58:03 UTC] PHP Warning:  simplexml_load_file(): I/O warning : failed to load external entity &quot;http://bernstone.loc/wp-content/uploads/2022/10/zabor%D1%8B-yko.svg&quot; in /Users/eugeneburlak/work/php/bernstone/wp-content/themes/burlak/functions.php on line 104
[14-Jan-2024 13:58:03 UTC] PHP Warning:  simplexml_load_file(http://bernstone.loc/wp-content/uploads/2022/10/zabor%D1%8B-yko.svg): failed to open stream: HTTP request failed! HTTP/1.1 404 Not Found
 in /Users/eugeneburlak/work/php/bernstone/wp-content/themes/burlak/functions.php on line 104
[14-Jan-2024 13:58:03 UTC] PHP Warning:  simplexml_load_file(): I/O warning : failed to load external entity &quot;http://bernstone.loc/wp-content/uploads/2022/10/zabor%D1%8B-yko.svg&quot; in /Users/eugeneburlak/work/php/bernstone/wp-content/themes/burlak/functions.php on line 104
[14-Jan-2024 13:58:03 UTC] PHP Warning:  simplexml_load_file(http://bernstone.loc/wp-content/uploads/2022/10/zabor%D1%8B-yko.svg): failed to open stream: HTTP request failed! HTTP/1.1 404 Not Found
 in /Users/eugeneburlak/work/php/bernstone/wp-content/themes/burlak/functions.php on line 104
[14-Jan-2024 13:58:03 UTC] PHP Warning:  simplexml_load_file(): I/O warning : failed to load external entity &quot;http://bernstone.loc/wp-content/uploads/2022/10/zabor%D1%8B-yko.svg&quot; in /Users/eugeneburlak/work/php/bernstone/wp-content/themes/burlak/functions.php on line 104
[14-Jan-2024 13:58:04 UTC] PHP Warning:  simplexml_load_file(http://bernstone.loc/wp-content/uploads/2022/10/zabor%D1%8B-yko.svg): failed to open stream: HTTP request failed! HTTP/1.1 404 Not Found
 in /Users/eugeneburlak/work/php/bernstone/wp-content/themes/burlak/functions.php on line 104
[14-Jan-2024 13:58:04 UTC] PHP Warning:  simplexml_load_file(): I/O warning : failed to load external entity &quot;http://bernstone.loc/wp-content/uploads/2022/10/zabor%D1%8B-yko.svg&quot; in /Users/eugeneburlak/work/php/bernstone/wp-content/themes/burlak/functions.php on line 104
[14-Jan-2024 13:58:04 UTC] PHP Warning:  simplexml_load_file(http://bernstone.loc/wp-content/uploads/2022/10/zabor%D1%8B-yko.svg): failed to open stream: HTTP request failed! HTTP/1.1 404 Not Found
 in /Users/eugeneburlak/work/php/bernstone/wp-content/themes/burlak/functions.php on line 104
[14-Jan-2024 13:58:04 UTC] PHP Warning:  simplexml_load_file(): I/O warning : failed to load external entity &quot;http://bernstone.loc/wp-content/uploads/2022/10/zabor%D1%8B-yko.svg&quot; in /Users/eugeneburlak/work/php/bernstone/wp-content/themes/burlak/functions.php on line 104
[14-Jan-2024 13:58:05 UTC] PHP Warning:  simplexml_load_file(http://bernstone.loc/wp-content/uploads/2022/10/zabor%D1%8B-yko.svg): failed to open stream: HTTP request failed! HTTP/1.1 404 Not Found
 in /Users/eugeneburlak/work/php/bernstone/wp-content/themes/burlak/functions.php on line 104
[14-Jan-2024 13:58:05 UTC] PHP Warning:  simplexml_load_file(): I/O warning : failed to load external entity &quot;http://bernstone.loc/wp-content/uploads/2022/10/zabor%D1%8B-yko.svg&quot; in /Users/eugeneburlak/work/php/bernstone/wp-content/themes/burlak/functions.php on line 104
[14-Jan-2024 13:58:05 UTC] PHP Warning:  simplexml_load_file(http://bernstone.loc/wp-content/uploads/2022/10/zabor%D1%8B-yko.svg): failed to open stream: HTTP request failed! HTTP/1.1 404 Not Found
 in /Users/eugeneburlak/work/php/bernstone/wp-content/themes/burlak/functions.php on line 104
[14-Jan-2024 13:58:05 UTC] PHP Warning:  simplexml_load_file(): I/O warning : failed to load external entity &quot;http://bernstone.loc/wp-content/uploads/2022/10/zabor%D1%8B-yko.svg&quot; in /Users/eugeneburlak/work/php/bernstone/wp-content/themes/burlak/functions.php on line 104
[14-Jan-2024 13:58:06 UTC] PHP Warning:  simplexml_load_file(http://bernstone.loc/wp-content/uploads/2022/10/zabor%D1%8B-yko.svg): failed to open stream: HTTP request failed! HTTP/1.1 404 Not Found
 in /Users/eugeneburlak/work/php/bernstone/wp-content/themes/burlak/functions.php on line 104
[14-Jan-2024 13:58:06 UTC] PHP Warning:  simplexml_load_file(): I/O warning : failed to load external entity &quot;http://bernstone.loc/wp-content/uploads/2022/10/zabor%D1%8B-yko.svg&quot; in /Users/eugeneburlak/work/php/bernstone/wp-content/themes/burlak/functions.php on line 104
[14-Jan-2024 13:58:06 UTC] PHP Warning:  simplexml_load_file(http://bernstone.loc/wp-content/uploads/2022/10/zabor%D1%8B-yko.svg): failed to open stream: HTTP request failed! HTTP/1.1 404 Not Found
 in /Users/eugeneburlak/work/php/bernstone/wp-content/themes/burlak/functions.php on line 104
[14-Jan-2024 13:58:06 UTC] PHP Warning:  simplexml_load_file(): I/O warning : failed to load external entity &quot;http://bernstone.loc/wp-content/uploads/2022/10/zabor%D1%8B-yko.svg&quot; in /Users/eugeneburlak/work/php/bernstone/wp-content/themes/burlak/functions.php on line 104
[14-Jan-2024 13:58:06 UTC] PHP Warning:  simplexml_load_file(http://bernstone.loc/wp-content/uploads/2022/10/zabor%D1%8B-yko.svg): failed to open stream: HTTP request failed! HTTP/1.1 404 Not Found
 in /Users/eugeneburlak/work/php/bernstone/wp-content/themes/burlak/functions.php on line 104
[14-Jan-2024 13:58:06 UTC] PHP Warning:  simplexml_load_file(): I/O warning : failed to load external entity &quot;http://bernstone.loc/wp-content/uploads/2022/10/zabor%D1%8B-yko.svg&quot; in /Users/eugeneburlak/work/php/bernstone/wp-content/themes/burlak/functions.php on line 104
[14-Jan-2024 13:58:07 UTC] PHP Warning:  simplexml_load_file(http://bernstone.loc/wp-content/uploads/2022/10/zabor%D1%8B-yko.svg): failed to open stream: HTTP request failed! HTTP/1.1 404 Not Found
 in /Users/eugeneburlak/work/php/bernstone/wp-content/themes/burlak/functions.php on line 104
[14-Jan-2024 13:58:07 UTC] PHP Warning:  simplexml_load_file(): I/O warning : failed to load external entity &quot;http://bernstone.loc/wp-content/uploads/2022/10/zabor%D1%8B-yko.svg&quot; in /Users/eugeneburlak/work/php/bernstone/wp-content/themes/burlak/functions.php on line 104
[14-Jan-2024 13:58:07 UTC] PHP Warning:  simplexml_load_file(http://bernstone.loc/wp-content/uploads/2022/10/zabor%D1%8B-yko.svg): failed to open stream: HTTP request failed! HTTP/1.1 404 Not Found
 in /Users/eugeneburlak/work/php/bernstone/wp-content/themes/burlak/functions.php on line 104
[14-Jan-2024 13:58:07 UTC] PHP Warning:  simplexml_load_file(): I/O warning : failed to load external entity &quot;http://bernstone.loc/wp-content/uploads/2022/10/zabor%D1%8B-yko.svg&quot; in /Users/eugeneburlak/work/php/bernstone/wp-content/themes/burlak/functions.php on line 104
[14-Jan-2024 13:58:08 UTC] PHP Warning:  simplexml_load_file(http://bernstone.loc/wp-content/uploads/2022/10/zabor%D1%8B-yko.svg): failed to open stream: HTTP request failed! HTTP/1.1 404 Not Found
 in /Users/eugeneburlak/work/php/bernstone/wp-content/themes/burlak/functions.php on line 104
[14-Jan-2024 13:58:08 UTC] PHP Warning:  simplexml_load_file(): I/O warning : failed to load external entity &quot;http://bernstone.loc/wp-content/uploads/2022/10/zabor%D1%8B-yko.svg&quot; in /Users/eugeneburlak/work/php/bernstone/wp-content/themes/burlak/functions.php on line 104
[14-Jan-2024 13:58:08 UTC] PHP Warning:  simplexml_load_file(http://bernstone.loc/wp-content/uploads/2022/10/zabor%D1%8B-yko.svg): failed to open stream: HTTP request failed! HTTP/1.1 404 Not Found
 in /Users/eugeneburlak/work/php/bernstone/wp-content/themes/burlak/functions.php on line 104
[14-Jan-2024 13:58:08 UTC] PHP Warning:  simplexml_load_file(): I/O warning : failed to load external entity &quot;http://bernstone.loc/wp-content/uploads/2022/10/zabor%D1%8B-yko.svg&quot; in /Users/eugeneburlak/work/php/bernstone/wp-content/themes/burlak/functions.php on line 104
[14-Jan-2024 13:58:08 UTC] PHP Warning:  simplexml_load_file(http://bernstone.loc/wp-content/uploads/2022/10/zabor%D1%8B-yko.svg): failed to open stream: HTTP request failed! HTTP/1.1 404 Not Found
 in /Users/eugeneburlak/work/php/bernstone/wp-content/themes/burlak/functions.php on line 104
[14-Jan-2024 13:58:08 UTC] PHP Warning:  simplexml_load_file(): I/O warning : failed to load external entity &quot;http://bernstone.loc/wp-content/uploads/2022/10/zabor%D1%8B-yko.svg&quot; in /Users/eugeneburlak/work/php/bernstone/wp-content/themes/burlak/functions.php on line 104
[14-Jan-2024 13:58:09 UTC] PHP Warning:  simplexml_load_file(http://bernstone.loc/wp-content/uploads/2022/10/zabor%D1%8B-yko.svg): failed to open stream: HTTP request failed! HTTP/1.1 404 Not Found
 in /Users/eugeneburlak/work/php/bernstone/wp-content/themes/burlak/functions.php on line 104
[14-Jan-2024 13:58:09 UTC] PHP Warning:  simplexml_load_file(): I/O warning : failed to load external entity &quot;http://bernstone.loc/wp-content/uploads/2022/10/zabor%D1%8B-yko.svg&quot; in /Users/eugeneburlak/work/php/bernstone/wp-content/themes/burlak/functions.php on line 104
[14-Jan-2024 13:58:09 UTC] PHP Warning:  simplexml_load_file(http://bernstone.loc/wp-content/uploads/2022/10/zabor%D1%8B-yko.svg): failed to open stream: HTTP request failed! HTTP/1.1 404 Not Found
 in /Users/eugeneburlak/work/php/bernstone/wp-content/themes/burlak/functions.php on line 104
[14-Jan-2024 13:58:09 UTC] PHP Warning:  simplexml_load_file(): I/O warning : failed to load external entity &quot;http://bernstone.loc/wp-content/uploads/2022/10/zabor%D1%8B-yko.svg&quot; in /Users/eugeneburlak/work/php/bernstone/wp-content/themes/burlak/functions.php on line 104
[14-Jan-2024 13:58:10 UTC] PHP Warning:  simplexml_load_file(http://bernstone.loc/wp-content/uploads/2022/10/zabor%D1%8B-yko.svg): failed to open stream: HTTP request failed! HTTP/1.1 404 Not Found
 in /Users/eugeneburlak/work/php/bernstone/wp-content/themes/burlak/functions.php on line 104
[14-Jan-2024 13:58:10 UTC] PHP Warning:  simplexml_load_file(): I/O warning : failed to load external entity &quot;http://bernstone.loc/wp-content/uploads/2022/10/zabor%D1%8B-yko.svg&quot; in /Users/eugeneburlak/work/php/bernstone/wp-content/themes/burlak/functions.php on line 104
[14-Jan-2024 13:58:10 UTC] PHP Warning:  simplexml_load_file(http://bernstone.loc/wp-content/uploads/2022/10/zabor%D1%8B-yko.svg): failed to open stream: HTTP request failed! HTTP/1.1 404 Not Found
 in /Users/eugeneburlak/work/php/bernstone/wp-content/themes/burlak/functions.php on line 104
[14-Jan-2024 13:58:10 UTC] PHP Warning:  simplexml_load_file(): I/O warning : failed to load external entity &quot;http://bernstone.loc/wp-content/uploads/2022/10/zabor%D1%8B-yko.svg&quot; in /Users/eugeneburlak/work/php/bernstone/wp-content/themes/burlak/functions.php on line 104
[14-Jan-2024 13:58:10 UTC] PHP Warning:  simplexml_load_file(http://bernstone.loc/wp-content/uploads/2022/10/zabor%D1%8B-yko.svg): failed to open stream: HTTP request failed! HTTP/1.1 404 Not Found
 in /Users/eugeneburlak/work/php/bernstone/wp-content/themes/burlak/functions.php on line 104
[14-Jan-2024 13:58:10 UTC] PHP Warning:  simplexml_load_file(): I/O warning : failed to load external entity &quot;http://bernstone.loc/wp-content/uploads/2022/10/zabor%D1%8B-yko.svg&quot; in /Users/eugeneburlak/work/php/bernstone/wp-content/themes/burlak/functions.php on line 104
[14-Jan-2024 13:58:10 UTC] PHP Notice:  Undefined variable: classes in /Users/eugeneburlak/work/php/bernstone/wp-content/themes/burlak/sections/section.php on line 2
[14-Jan-2024 13:58:10 UTC] PHP Notice:  Undefined variable: modificators in /Users/eugeneburlak/work/php/bernstone/wp-content/themes/burlak/sections/section.php on line 3
[14-Jan-2024 13:58:10 UTC] PHP Notice:  Undefined variable: render in /Users/eugeneburlak/work/php/bernstone/wp-content/themes/burlak/sections/section.php on line 8
[14-Jan-2024 13:58:10 UTC] PHP Notice:  Undefined index: align in /Users/eugeneburlak/work/php/bernstone/wp-content/themes/burlak/sections/header.php on line 5
[14-Jan-2024 13:58:10 UTC] PHP Notice:  Undefined index: tag in /Users/eugeneburlak/work/php/bernstone/wp-content/themes/burlak/sections/header.php on line 6
[14-Jan-2024 13:58:10 UTC] PHP Notice:  Undefined index: classes in /Users/eugeneburlak/work/php/bernstone/wp-content/themes/burlak/sections/header.php on line 8
[14-Jan-2024 13:58:10 UTC] PHP Notice:  Undefined index: modificators in /Users/eugeneburlak/work/php/bernstone/wp-content/themes/burlak/sections/header.php on line 12
[14-Jan-2024 13:58:10 UTC] PHP Notice:  Undefined index: wide in /Users/eugeneburlak/work/php/bernstone/wp-content/themes/burlak/sections/header.php on line 17
[14-Jan-2024 13:58:10 UTC] PHP Notice:  Undefined variable: breadcrumbs in /Users/eugeneburlak/work/php/bernstone/wp-content/themes/burlak/sections/header.php on line 22
[14-Jan-2024 13:58:10 UTC] PHP Notice:  Undefined variable: tag in /Users/eugeneburlak/work/php/bernstone/wp-content/themes/burlak/blocks/title.php on line 3
[14-Jan-2024 13:58:10 UTC] PHP Notice:  Undefined variable: mini in /Users/eugeneburlak/work/php/bernstone/wp-content/themes/burlak/blocks/title.php on line 5
[14-Jan-2024 13:58:10 UTC] PHP Notice:  Undefined index: modificators in /Users/eugeneburlak/work/php/bernstone/wp-content/themes/burlak/sections/header.php on line 31
[14-Jan-2024 13:58:10 UTC] PHP Notice:  Undefined index: blank in /Users/eugeneburlak/work/php/bernstone/wp-content/themes/burlak/sections/header.php on line 38
[14-Jan-2024 13:58:10 UTC] PHP Notice:  Undefined variable: bottom in /Users/eugeneburlak/work/php/bernstone/wp-content/themes/burlak/sections/header.php on line 45
[14-Jan-2024 13:58:10 UTC] PHP Notice:  Undefined variable: select in /Users/eugeneburlak/work/php/bernstone/wp-content/themes/burlak/sections/header.php on line 45
[14-Jan-2024 13:58:10 UTC] PHP Notice:  Undefined variable: links in /Users/eugeneburlak/work/php/bernstone/wp-content/themes/burlak/sections/header.php on line 45
[14-Jan-2024 13:58:10 UTC] PHP Notice:  Undefined index: wide in /Users/eugeneburlak/work/php/bernstone/wp-content/themes/burlak/sections/header.php on line 83
[14-Jan-2024 13:58:10 UTC] PHP Notice:  Undefined index: wide in /Users/eugeneburlak/work/php/bernstone/wp-content/themes/burlak/sections/section.php on line 15
[14-Jan-2024 13:58:10 UTC] PHP Notice:  Undefined variable: title in /Users/eugeneburlak/work/php/bernstone/wp-content/themes/burlak/grid/list.php on line 5
[14-Jan-2024 13:58:10 UTC] PHP Notice:  Undefined variable: description in /Users/eugeneburlak/work/php/bernstone/wp-content/themes/burlak/grid/list.php on line 15
[14-Jan-2024 13:58:10 UTC] PHP Notice:  Undefined index: wide in /Users/eugeneburlak/work/php/bernstone/wp-content/themes/burlak/sections/section.php on line 19
